<?xml version="1.0" encoding="UTF-8"?>
<!-- Generated by org.testng.reporters.JUnitReportReporter -->
<testsuite hostname="DESKTOP-BTLKNVR" failures="0" tests="3" name="OrgnisationModule.CreateOrgnizationTest" time="86.880" errors="0" timestamp="2023-03-21T14:48:56 IST" skipped="0">
  <testcase classname="OrgnisationModule.CreateOrgnizationTest" name="createOrgNameAndIndustryandtype" time="30.058"/>
  <system-out>
    <![CDATA[createOrgNameAndIndustryandtype....TestScript Exiecution Started
createOrgNameAndIndustryandtype...>script executed successfullly]]>
  </system-out>
  <testcase classname="OrgnisationModule.CreateOrgnizationTest" name="createOrgNameAndIndustryandtype" time="25.825"/>
  <system-out>
    <![CDATA[createOrgNameAndIndustryandtype....TestScript Exiecution Started
createOrgNameAndIndustryandtype...>script executed successfullly]]>
  </system-out>
  <testcase classname="OrgnisationModule.CreateOrgnizationTest" name="createOrgNameAndIndustryandtype" time="30.997"/>
  <system-out>
    <![CDATA[createOrgNameAndIndustryandtype....TestScript Exiecution Started
createOrgNameAndIndustryandtype...>script executed successfullly]]>
  </system-out>
</testsuite> <!-- OrgnisationModule.CreateOrgnizationTest -->
